<?xml version="1.0" encoding="UTF-8"?>
<!-- Generated by org.testng.reporters.JUnitXMLReporter -->
<<<<<<< HEAD
<testsuite ignored="0" hostname="nblap357" failures="2" tests="2" name="Test" time="45.435" errors="0" timestamp="2023-06-01T18:09:14 IST">
  <testcase classname="resources.TestScript" name="test" time="21.049">
    <failure type="java.lang.AssertionError" message="expected [Thank you for your order!] but found [Thank you for your ]">
      <![CDATA[java.lang.AssertionError: expected [Thank you for your order!] but found [Thank you for your ]
at AutomationPractice.SwagLabsAutomationPractice.CheckoutCompletepage.retriveSuccessmessage(CheckoutCompletepage.java:38)
at resources.TestScript.test(TestScript.java:45)
at java.base/java.util.ArrayList.forEach(ArrayList.java:1511)
... Removed 33 stack frames]]>
    </failure>
  </testcase> <!-- test -->
  <testcase classname="AutomationPractice.SwagLabsAutomationPractice.CheckoutCompletepage" name="retriveSuccessmessage" time="0.002">
    <failure type="java.lang.NullPointerException" message="Cannot invoke &amp;quot;org.openqa.selenium.SearchContext.findElement(org.openqa.selenium.By)&amp;quot; because &amp;quot;this.searchContext&amp;quot; is null">
      <![CDATA[java.lang.NullPointerException: Cannot invoke "org.openqa.selenium.SearchContext.findElement(org.openqa.selenium.By)" because "this.searchContext" is null
at org.openqa.selenium.support.pagefactory.DefaultElementLocator.findElement(DefaultElementLocator.java:70)
at org.openqa.selenium.support.pagefactory.internal.LocatingElementHandler.invoke(LocatingElementHandler.java:39)
at jdk.proxy2/jdk.proxy2.$Proxy15.getText(Unknown Source)
at AutomationPractice.SwagLabsAutomationPractice.CheckoutCompletepage.retriveSuccessmessage(CheckoutCompletepage.java:33)
at java.base/java.util.ArrayList.forEach(ArrayList.java:1511)
... Removed 27 stack frames]]>
    </failure>
  </testcase> <!-- retriveSuccessmessage -->
=======
<testsuite ignored="0" hostname="nblap283" failures="0" tests="1" name="Test" time="25.304" errors="0" timestamp="2023-06-02T11:12:52 IST">
  <testcase classname="resources.TestScript" name="test" time="21.027"/>
>>>>>>> d7e5e9603780fd1a7ec340e51e99a72505630cef
</testsuite> <!-- Test -->
